<?xml version="1.0" encoding="UTF-8"?>
<!-- Generated by org.testng.reporters.JUnitReportReporter -->
<testsuite hostname="DESKTOP-E4TVD5M" failures="0" tests="1" name="LoginTestCases.TestCase4" time="18.232" errors="0" timestamp="2022-07-21T09:45:05 IST" skipped="0">
  <testcase classname="LoginTestCases.TestCase4" name="test1" time="18.232"/>
  <system-out/>
</testsuite> <!-- LoginTestCases.TestCase4 -->
