<?xml version="1.0" encoding="UTF-8"?>
<!-- Generated by org.testng.reporters.JUnitReportReporter -->
<testsuite hostname="DESKTOP-E4TVD5M" failures="0" tests="4" name="LoginTestCases.TestCase1" time="119.573" errors="0" timestamp="2022-07-21T10:32:56 IST" skipped="0">
  <testcase classname="LoginTestCases.TestCase1" name="test1" time="23.921"/>
  <system-out/>
  <testcase classname="LoginTestCases.TestCase1" name="test1" time="29.407"/>
  <system-out/>
  <testcase classname="LoginTestCases.TestCase1" name="test1" time="44.097"/>
  <system-out/>
  <testcase classname="LoginTestCases.TestCase1" name="test1" time="22.148"/>
  <system-out/>
</testsuite> <!-- LoginTestCases.TestCase1 -->
