<?xml version="1.0" encoding="UTF-8"?>
<!-- Generated by org.testng.reporters.JUnitReportReporter -->
<testsuite hostname="DESKTOP-E4TVD5M" failures="0" tests="1" name="LoginTestCases.TestCase3" time="14.394" errors="0" timestamp="2022-07-21T09:45:05 IST" skipped="0">
  <testcase classname="LoginTestCases.TestCase3" name="test1" time="14.394"/>
  <system-out/>
</testsuite> <!-- LoginTestCases.TestCase3 -->
