<?xml version="1.0" encoding="UTF-8"?>
<!-- Generated by org.testng.reporters.JUnitReportReporter -->
<testsuite hostname="DESKTOP-E4TVD5M" failures="0" tests="4" name="LoginTestCases.TestCase2" time="43.784" errors="0" timestamp="2022-07-21T19:19:02 IST" skipped="0">
  <testcase classname="LoginTestCases.TestCase2" name="test2" time="9.653"/>
  <system-out/>
  <testcase classname="LoginTestCases.TestCase2" name="test2" time="14.111"/>
  <system-out/>
  <testcase classname="LoginTestCases.TestCase2" name="test2" time="9.353"/>
  <system-out/>
  <testcase classname="LoginTestCases.TestCase2" name="test2" time="10.667"/>
  <system-out/>
</testsuite> <!-- LoginTestCases.TestCase2 -->
